Summary of SPARK analysis
=========================

-----------------------------------------------------------------------------------------------------
SPARK Analysis results        Total       Flow   Interval   CodePeer   Provers   Justified   Unproved
-----------------------------------------------------------------------------------------------------
Data Dependencies                 .          .          .          .         .           .          .
Flow Dependencies                 .          .          .          .         .           .          .
Initialization                    2          2          .          .         .           .          .
Non-Aliasing                      .          .          .          .         .           .          .
Run-time Checks                   2          .          .          .         .           .          2
Assertions                        2          .          .          .         .           .          2
Functional Contracts              .          .          .          .         .           .          .
LSP Verification                  .          .          .          .         .           .          .
-----------------------------------------------------------------------------------------------------
Total                             6    2 (33%)          .          .         .           .    4 (67%)


Analyzed 2 units
in unit main, 0 subprograms and packages out of 1 analyzed
  main at main.adb:3 skipped
in unit vectores, 2 subprograms and packages out of 2 analyzed
  vectores at vectores.ads:2 flow analyzed (0 errors, 0 checks and 0 warnings) and proved (0 checks)
  vectores.suma at vectores.ads:13 flow analyzed (0 errors, 0 checks and 1 warnings) and not proved, 0 checks out of 4 proved
