Summary of SPARK analysis
=========================

---------------------------------------------------------------------------------------------------------
SPARK Analysis results        Total        Flow   Interval   CodePeer      Provers   Justified   Unproved
---------------------------------------------------------------------------------------------------------
Data Dependencies                 .           .          .          .            .           .          .
Flow Dependencies                 .           .          .          .            .           .          .
Initialization                   11          11          .          .            .           .          .
Non-Aliasing                      .           .          .          .            .           .          .
Run-time Checks                  48           .          .          .    48 (CVC4)           .          .
Assertions                        6           .          .          .     6 (CVC4)           .          .
Functional Contracts              3           .          .          .     3 (CVC4)           .          .
LSP Verification                  .           .          .          .            .           .          .
---------------------------------------------------------------------------------------------------------
Total                            68    11 (16%)          .          .     57 (84%)           .          .


Analyzed 1 unit
in unit vectores, 4 subprograms and packages out of 4 analyzed
  vectores at vectores.ads:2 flow analyzed (0 errors, 0 checks and 0 warnings) and proved (0 checks)
  vectores.resta at vectores.ads:40 flow analyzed (0 errors, 0 checks and 0 warnings) and proved (25 checks)
  vectores.suma at vectores.ads:20 flow analyzed (0 errors, 0 checks and 0 warnings) and proved (24 checks)
  vectores.uppercase at vectores.ads:10 flow analyzed (0 errors, 0 checks and 0 warnings) and proved (8 checks)
